{"/home/patrick/codefellows/401/final-project/PAWS-ibilites-backend/model/user.js":{"path":"/home/patrick/codefellows/401/final-project/PAWS-ibilites-backend/model/user.js","s":{"1":1,"2":1,"3":1,"4":1,"5":1,"6":1,"7":1,"8":1,"9":1,"10":1,"11":1,"12":1,"13":1,"14":1,"15":0,"16":1,"17":1,"18":1,"19":2,"20":2,"21":2,"22":2,"23":0,"24":2,"25":1,"26":1,"27":1,"28":1,"29":1,"30":1,"31":1,"32":1,"33":1,"34":1,"35":1,"36":0,"37":0,"38":0,"39":0,"40":1,"41":1,"42":1,"43":1,"44":1,"45":0,"46":1},"b":{"1":[0,1],"2":[0,2],"3":[1,1],"4":[0,0]},"f":{"1":1,"2":2,"3":1,"4":1,"5":1},"fnMap":{"1":{"name":"(anonymous_1)","line":21,"loc":{"start":{"line":21,"column":42},"end":{"line":21,"column":60}}},"2":{"name":"(anonymous_2)","line":32,"loc":{"start":{"line":32,"column":41},"end":{"line":32,"column":59}}},"3":{"name":"(anonymous_3)","line":43,"loc":{"start":{"line":43,"column":38},"end":{"line":43,"column":48}}},"4":{"name":"_generateFindHash","line":49,"loc":{"start":{"line":49,"column":4},"end":{"line":49,"column":32}}},"5":{"name":"(anonymous_5)","line":62,"loc":{"start":{"line":62,"column":35},"end":{"line":62,"column":45}}}},"statementMap":{"1":{"start":{"line":3,"column":0},"end":{"line":3,"column":33}},"2":{"start":{"line":4,"column":0},"end":{"line":4,"column":33}},"3":{"start":{"line":5,"column":0},"end":{"line":5,"column":36}},"4":{"start":{"line":6,"column":0},"end":{"line":6,"column":36}},"5":{"start":{"line":7,"column":0},"end":{"line":7,"column":37}},"6":{"start":{"line":8,"column":0},"end":{"line":8,"column":43}},"7":{"start":{"line":9,"column":0},"end":{"line":9,"column":47}},"8":{"start":{"line":11,"column":0},"end":{"line":11,"column":31}},"9":{"start":{"line":13,"column":0},"end":{"line":19,"column":3}},"10":{"start":{"line":21,"column":0},"end":{"line":30,"column":2}},"11":{"start":{"line":22,"column":2},"end":{"line":22,"column":32}},"12":{"start":{"line":23,"column":2},"end":{"line":29,"column":5}},"13":{"start":{"line":24,"column":4},"end":{"line":28,"column":7}},"14":{"start":{"line":25,"column":6},"end":{"line":25,"column":34}},"15":{"start":{"line":25,"column":15},"end":{"line":25,"column":34}},"16":{"start":{"line":26,"column":6},"end":{"line":26,"column":27}},"17":{"start":{"line":27,"column":6},"end":{"line":27,"column":20}},"18":{"start":{"line":32,"column":0},"end":{"line":41,"column":2}},"19":{"start":{"line":33,"column":2},"end":{"line":33,"column":31}},"20":{"start":{"line":34,"column":2},"end":{"line":40,"column":5}},"21":{"start":{"line":35,"column":4},"end":{"line":39,"column":7}},"22":{"start":{"line":36,"column":6},"end":{"line":36,"column":66}},"23":{"start":{"line":36,"column":14},"end":{"line":36,"column":66}},"24":{"start":{"line":37,"column":6},"end":{"line":37,"column":67}},"25":{"start":{"line":37,"column":17},"end":{"line":37,"column":67}},"26":{"start":{"line":38,"column":6},"end":{"line":38,"column":20}},"27":{"start":{"line":43,"column":0},"end":{"line":60,"column":2}},"28":{"start":{"line":44,"column":2},"end":{"line":44,"column":28}},"29":{"start":{"line":45,"column":2},"end":{"line":59,"column":5}},"30":{"start":{"line":46,"column":4},"end":{"line":46,"column":18}},"31":{"start":{"line":47,"column":4},"end":{"line":47,"column":33}},"32":{"start":{"line":49,"column":4},"end":{"line":58,"column":5}},"33":{"start":{"line":50,"column":6},"end":{"line":50,"column":61}},"34":{"start":{"line":51,"column":6},"end":{"line":57,"column":11}},"35":{"start":{"line":52,"column":20},"end":{"line":52,"column":42}},"36":{"start":{"line":54,"column":10},"end":{"line":54,"column":44}},"37":{"start":{"line":54,"column":25},"end":{"line":54,"column":44}},"38":{"start":{"line":55,"column":10},"end":{"line":55,"column":18}},"39":{"start":{"line":56,"column":10},"end":{"line":56,"column":39}},"40":{"start":{"line":62,"column":0},"end":{"line":69,"column":2}},"41":{"start":{"line":63,"column":2},"end":{"line":63,"column":25}},"42":{"start":{"line":64,"column":2},"end":{"line":68,"column":5}},"43":{"start":{"line":65,"column":4},"end":{"line":67,"column":33}},"44":{"start":{"line":66,"column":24},"end":{"line":66,"column":84}},"45":{"start":{"line":67,"column":20},"end":{"line":67,"column":31}},"46":{"start":{"line":71,"column":0},"end":{"line":71,"column":52}}},"branchMap":{"1":{"line":25,"type":"if","locations":[{"start":{"line":25,"column":6},"end":{"line":25,"column":6}},{"start":{"line":25,"column":6},"end":{"line":25,"column":6}}]},"2":{"line":36,"type":"if","locations":[{"start":{"line":36,"column":6},"end":{"line":36,"column":6}},{"start":{"line":36,"column":6},"end":{"line":36,"column":6}}]},"3":{"line":37,"type":"if","locations":[{"start":{"line":37,"column":6},"end":{"line":37,"column":6}},{"start":{"line":37,"column":6},"end":{"line":37,"column":6}}]},"4":{"line":54,"type":"if","locations":[{"start":{"line":54,"column":10},"end":{"line":54,"column":10}},{"start":{"line":54,"column":10},"end":{"line":54,"column":10}}]}}},"/home/patrick/codefellows/401/final-project/PAWS-ibilites-backend/server.js":{"path":"/home/patrick/codefellows/401/final-project/PAWS-ibilites-backend/server.js","s":{"1":1,"2":1,"3":1,"4":1,"5":1,"6":1,"7":1,"8":1,"9":1,"10":1,"11":1,"12":1,"13":1,"14":1,"15":1,"16":1,"17":1,"18":1,"19":1,"20":1},"b":{"1":[1,0],"2":[1,0]},"f":{},"fnMap":{},"statementMap":{"1":{"start":{"line":3,"column":0},"end":{"line":3,"column":25}},"2":{"start":{"line":5,"column":0},"end":{"line":5,"column":35}},"3":{"start":{"line":6,"column":0},"end":{"line":6,"column":29}},"4":{"start":{"line":7,"column":0},"end":{"line":7,"column":36}},"5":{"start":{"line":8,"column":0},"end":{"line":8,"column":55}},"6":{"start":{"line":9,"column":0},"end":{"line":9,"column":49}},"7":{"start":{"line":10,"column":0},"end":{"line":10,"column":37}},"8":{"start":{"line":12,"column":0},"end":{"line":12,"column":39}},"9":{"start":{"line":13,"column":0},"end":{"line":13,"column":32}},"10":{"start":{"line":14,"column":0},"end":{"line":14,"column":58}},"11":{"start":{"line":18,"column":0},"end":{"line":18,"column":38}},"12":{"start":{"line":19,"column":0},"end":{"line":19,"column":74}},"13":{"start":{"line":21,"column":0},"end":{"line":21,"column":27}},"14":{"start":{"line":22,"column":0},"end":{"line":22,"column":30}},"15":{"start":{"line":24,"column":0},"end":{"line":24,"column":22}},"16":{"start":{"line":25,"column":0},"end":{"line":25,"column":16}},"17":{"start":{"line":26,"column":0},"end":{"line":26,"column":20}},"18":{"start":{"line":28,"column":0},"end":{"line":28,"column":28}},"19":{"start":{"line":32,"column":0},"end":{"line":34,"column":3}},"20":{"start":{"line":33,"column":2},"end":{"line":33,"column":43}}},"branchMap":{"1":{"line":18,"type":"binary-expr","locations":[{"start":{"line":18,"column":13},"end":{"line":18,"column":29}},{"start":{"line":18,"column":33},"end":{"line":18,"column":37}}]},"2":{"line":19,"type":"binary-expr","locations":[{"start":{"line":19,"column":20},"end":{"line":19,"column":43}},{"start":{"line":19,"column":47},"end":{"line":19,"column":73}}]}}},"/home/patrick/codefellows/401/final-project/PAWS-ibilites-backend/lib/error-middleware.js":{"path":"/home/patrick/codefellows/401/final-project/PAWS-ibilites-backend/lib/error-middleware.js","s":{"1":1,"2":1,"3":1,"4":0,"5":0,"6":0,"7":0,"8":0,"9":0,"10":0,"11":0,"12":0,"13":0,"14":0,"15":0,"16":0,"17":0,"18":0,"19":0,"20":0,"21":0,"22":0},"b":{"1":[0,0],"2":[0,0],"3":[0,0],"4":[0,0]},"f":{"1":0},"fnMap":{"1":{"name":"(anonymous_1)","line":6,"loc":{"start":{"line":6,"column":17},"end":{"line":6,"column":46}}}},"statementMap":{"1":{"start":{"line":3,"column":0},"end":{"line":3,"column":43}},"2":{"start":{"line":4,"column":0},"end":{"line":4,"column":59}},"3":{"start":{"line":6,"column":0},"end":{"line":34,"column":2}},"4":{"start":{"line":7,"column":2},"end":{"line":7,"column":28}},"5":{"start":{"line":8,"column":2},"end":{"line":8,"column":31}},"6":{"start":{"line":10,"column":2},"end":{"line":14,"column":3}},"7":{"start":{"line":11,"column":4},"end":{"line":11,"column":42}},"8":{"start":{"line":12,"column":4},"end":{"line":12,"column":11}},"9":{"start":{"line":13,"column":4},"end":{"line":13,"column":11}},"10":{"start":{"line":16,"column":2},"end":{"line":21,"column":3}},"11":{"start":{"line":17,"column":4},"end":{"line":17,"column":40}},"12":{"start":{"line":18,"column":4},"end":{"line":18,"column":42}},"13":{"start":{"line":19,"column":4},"end":{"line":19,"column":11}},"14":{"start":{"line":20,"column":4},"end":{"line":20,"column":11}},"15":{"start":{"line":23,"column":2},"end":{"line":29,"column":3}},"16":{"start":{"line":25,"column":4},"end":{"line":25,"column":40}},"17":{"start":{"line":26,"column":4},"end":{"line":26,"column":42}},"18":{"start":{"line":27,"column":4},"end":{"line":27,"column":11}},"19":{"start":{"line":28,"column":4},"end":{"line":28,"column":11}},"20":{"start":{"line":31,"column":2},"end":{"line":31,"column":38}},"21":{"start":{"line":32,"column":2},"end":{"line":32,"column":40}},"22":{"start":{"line":33,"column":2},"end":{"line":33,"column":9}}},"branchMap":{"1":{"line":10,"type":"if","locations":[{"start":{"line":10,"column":2},"end":{"line":10,"column":2}},{"start":{"line":10,"column":2},"end":{"line":10,"column":2}}]},"2":{"line":16,"type":"if","locations":[{"start":{"line":16,"column":2},"end":{"line":16,"column":2}},{"start":{"line":16,"column":2},"end":{"line":16,"column":2}}]},"3":{"line":23,"type":"if","locations":[{"start":{"line":23,"column":2},"end":{"line":23,"column":2}},{"start":{"line":23,"column":2},"end":{"line":23,"column":2}}]},"4":{"line":23,"type":"binary-expr","locations":[{"start":{"line":23,"column":6},"end":{"line":23,"column":31}},{"start":{"line":23,"column":35},"end":{"line":23,"column":77}}]}}},"/home/patrick/codefellows/401/final-project/PAWS-ibilites-backend/route/auth-router.js":{"path":"/home/patrick/codefellows/401/final-project/PAWS-ibilites-backend/route/auth-router.js","s":{"1":1,"2":1,"3":1,"4":1,"5":1,"6":1,"7":5,"8":5,"9":1,"10":4,"11":1,"12":3,"13":3,"14":1,"15":2,"16":1,"17":0,"18":0,"19":0,"20":1,"21":0,"22":0,"23":0,"24":1},"b":{},"f":{"1":1},"fnMap":{"1":{"name":"(anonymous_1)","line":8,"loc":{"start":{"line":8,"column":17},"end":{"line":8,"column":34}}}},"statementMap":{"1":{"start":{"line":3,"column":0},"end":{"line":3,"column":53}},"2":{"start":{"line":4,"column":0},"end":{"line":4,"column":58}},"3":{"start":{"line":5,"column":0},"end":{"line":5,"column":60}},"4":{"start":{"line":6,"column":0},"end":{"line":6,"column":59}},"5":{"start":{"line":8,"column":0},"end":{"line":40,"column":2}},"6":{"start":{"line":9,"column":2},"end":{"line":15,"column":5}},"7":{"start":{"line":10,"column":4},"end":{"line":10,"column":26}},"8":{"start":{"line":12,"column":4},"end":{"line":14,"column":55}},"9":{"start":{"line":13,"column":21},"end":{"line":13,"column":61}},"10":{"start":{"line":14,"column":20},"end":{"line":14,"column":53}},"11":{"start":{"line":17,"column":2},"end":{"line":23,"column":5}},"12":{"start":{"line":18,"column":4},"end":{"line":18,"column":25}},"13":{"start":{"line":20,"column":4},"end":{"line":22,"column":62}},"14":{"start":{"line":21,"column":21},"end":{"line":21,"column":48}},"15":{"start":{"line":22,"column":20},"end":{"line":22,"column":60}},"16":{"start":{"line":25,"column":2},"end":{"line":31,"column":5}},"17":{"start":{"line":26,"column":4},"end":{"line":30,"column":62}},"18":{"start":{"line":28,"column":8},"end":{"line":28,"column":23}},"19":{"start":{"line":30,"column":20},"end":{"line":30,"column":60}},"20":{"start":{"line":34,"column":2},"end":{"line":38,"column":5}},"21":{"start":{"line":35,"column":4},"end":{"line":37,"column":62}},"22":{"start":{"line":36,"column":18},"end":{"line":36,"column":37}},"23":{"start":{"line":37,"column":20},"end":{"line":37,"column":60}},"24":{"start":{"line":39,"column":2},"end":{"line":39,"column":16}}},"branchMap":{}},"/home/patrick/codefellows/401/final-project/PAWS-ibilites-backend/lib/basic-auth-middleware.js":{"path":"/home/patrick/codefellows/401/final-project/PAWS-ibilites-backend/lib/basic-auth-middleware.js","s":{"1":1,"2":1,"3":1,"4":6,"5":6,"6":6,"7":1,"8":5,"9":5,"10":0,"11":5,"12":5,"13":5,"14":5,"15":1,"16":4,"17":1,"18":3},"b":{"1":[1,5],"2":[0,5],"3":[1,4],"4":[1,3]},"f":{"1":6},"fnMap":{"1":{"name":"(anonymous_1)","line":6,"loc":{"start":{"line":6,"column":17},"end":{"line":6,"column":41}}}},"statementMap":{"1":{"start":{"line":3,"column":0},"end":{"line":3,"column":43}},"2":{"start":{"line":4,"column":0},"end":{"line":4,"column":64}},"3":{"start":{"line":6,"column":0},"end":{"line":25,"column":2}},"4":{"start":{"line":7,"column":2},"end":{"line":7,"column":10}},"5":{"start":{"line":9,"column":2},"end":{"line":9,"column":45}},"6":{"start":{"line":10,"column":2},"end":{"line":10,"column":82}},"7":{"start":{"line":10,"column":19},"end":{"line":10,"column":82}},"8":{"start":{"line":12,"column":2},"end":{"line":12,"column":51}},"9":{"start":{"line":13,"column":2},"end":{"line":13,"column":84}},"10":{"start":{"line":13,"column":21},"end":{"line":13,"column":84}},"11":{"start":{"line":15,"column":2},"end":{"line":15,"column":65}},"12":{"start":{"line":16,"column":2},"end":{"line":16,"column":40}},"13":{"start":{"line":17,"column":2},"end":{"line":20,"column":4}},"14":{"start":{"line":22,"column":2},"end":{"line":22,"column":87}},"15":{"start":{"line":22,"column":25},"end":{"line":22,"column":87}},"16":{"start":{"line":23,"column":2},"end":{"line":23,"column":87}},"17":{"start":{"line":23,"column":25},"end":{"line":23,"column":87}},"18":{"start":{"line":24,"column":2},"end":{"line":24,"column":9}}},"branchMap":{"1":{"line":10,"type":"if","locations":[{"start":{"line":10,"column":2},"end":{"line":10,"column":2}},{"start":{"line":10,"column":2},"end":{"line":10,"column":2}}]},"2":{"line":13,"type":"if","locations":[{"start":{"line":13,"column":2},"end":{"line":13,"column":2}},{"start":{"line":13,"column":2},"end":{"line":13,"column":2}}]},"3":{"line":22,"type":"if","locations":[{"start":{"line":22,"column":2},"end":{"line":22,"column":2}},{"start":{"line":22,"column":2},"end":{"line":22,"column":2}}]},"4":{"line":23,"type":"if","locations":[{"start":{"line":23,"column":2},"end":{"line":23,"column":2}},{"start":{"line":23,"column":2},"end":{"line":23,"column":2}}]}}},"/home/patrick/codefellows/401/final-project/PAWS-ibilites-backend/lib/bearer-auth-middleware.js":{"path":"/home/patrick/codefellows/401/final-project/PAWS-ibilites-backend/lib/bearer-auth-middleware.js","s":{"1":1,"2":1,"3":1,"4":1,"5":1,"6":0,"7":0,"8":0,"9":0,"10":0,"11":0,"12":0,"13":0,"14":0,"15":0,"16":0,"17":0,"18":0,"19":0},"b":{"1":[0,0],"2":[0,0],"3":[0,0]},"f":{"1":0},"fnMap":{"1":{"name":"(anonymous_1)","line":9,"loc":{"start":{"line":9,"column":17},"end":{"line":9,"column":42}}}},"statementMap":{"1":{"start":{"line":3,"column":0},"end":{"line":3,"column":36}},"2":{"start":{"line":4,"column":0},"end":{"line":4,"column":43}},"3":{"start":{"line":5,"column":0},"end":{"line":5,"column":62}},"4":{"start":{"line":7,"column":0},"end":{"line":7,"column":38}},"5":{"start":{"line":9,"column":0},"end":{"line":28,"column":2}},"6":{"start":{"line":10,"column":2},"end":{"line":10,"column":34}},"7":{"start":{"line":12,"column":2},"end":{"line":12,"column":46}},"8":{"start":{"line":13,"column":2},"end":{"line":13,"column":83}},"9":{"start":{"line":13,"column":19},"end":{"line":13,"column":83}},"10":{"start":{"line":15,"column":2},"end":{"line":15,"column":46}},"11":{"start":{"line":16,"column":2},"end":{"line":16,"column":61}},"12":{"start":{"line":16,"column":13},"end":{"line":16,"column":61}},"13":{"start":{"line":18,"column":2},"end":{"line":27,"column":5}},"14":{"start":{"line":19,"column":4},"end":{"line":19,"column":37}},"15":{"start":{"line":19,"column":12},"end":{"line":19,"column":37}},"16":{"start":{"line":21,"column":4},"end":{"line":26,"column":55}},"17":{"start":{"line":23,"column":6},"end":{"line":23,"column":25}},"18":{"start":{"line":24,"column":6},"end":{"line":24,"column":13}},"19":{"start":{"line":26,"column":18},"end":{"line":26,"column":53}}},"branchMap":{"1":{"line":13,"type":"if","locations":[{"start":{"line":13,"column":2},"end":{"line":13,"column":2}},{"start":{"line":13,"column":2},"end":{"line":13,"column":2}}]},"2":{"line":16,"type":"if","locations":[{"start":{"line":16,"column":2},"end":{"line":16,"column":2}},{"start":{"line":16,"column":2},"end":{"line":16,"column":2}}]},"3":{"line":19,"type":"if","locations":[{"start":{"line":19,"column":4},"end":{"line":19,"column":4}},{"start":{"line":19,"column":4},"end":{"line":19,"column":4}}]}}},"/home/patrick/codefellows/401/final-project/PAWS-ibilites-backend/controller/auth-controller.js":{"path":"/home/patrick/codefellows/401/final-project/PAWS-ibilites-backend/controller/auth-controller.js","s":{"1":1,"2":1,"3":1,"4":1,"5":1,"6":5,"7":1,"8":4,"9":1,"10":3,"11":1,"12":2,"13":1,"14":1,"15":1,"16":1,"17":1,"18":1,"19":1,"20":1,"21":1,"22":0,"23":1,"24":3,"25":3,"26":1,"27":3,"28":3,"29":1,"30":2,"31":1,"32":0,"33":0,"34":0,"35":0,"36":0,"37":1,"38":0,"39":0,"40":0,"41":0},"b":{"1":[1,4],"2":[1,3],"3":[1,2],"4":[1,1],"5":[1,2],"6":[0,0],"7":[0,0]},"f":{"1":5,"2":3,"3":0,"4":0},"fnMap":{"1":{"name":"(anonymous_1)","line":9,"loc":{"start":{"line":9,"column":21},"end":{"line":9,"column":35}}},"2":{"name":"(anonymous_2)","line":30,"loc":{"start":{"line":30,"column":20},"end":{"line":30,"column":34}}},"3":{"name":"(anonymous_3)","line":41,"loc":{"start":{"line":41,"column":21},"end":{"line":41,"column":35}}},"4":{"name":"(anonymous_4)","line":48,"loc":{"start":{"line":48,"column":21},"end":{"line":48,"column":35}}}},"statementMap":{"1":{"start":{"line":3,"column":0},"end":{"line":3,"column":36}},"2":{"start":{"line":4,"column":0},"end":{"line":4,"column":38}},"3":{"start":{"line":5,"column":0},"end":{"line":5,"column":43}},"4":{"start":{"line":7,"column":0},"end":{"line":7,"column":30}},"5":{"start":{"line":9,"column":0},"end":{"line":28,"column":2}},"6":{"start":{"line":11,"column":2},"end":{"line":11,"column":88}},"7":{"start":{"line":11,"column":22},"end":{"line":11,"column":88}},"8":{"start":{"line":12,"column":2},"end":{"line":12,"column":86}},"9":{"start":{"line":12,"column":25},"end":{"line":12,"column":86}},"10":{"start":{"line":13,"column":2},"end":{"line":13,"column":86}},"11":{"start":{"line":13,"column":25},"end":{"line":13,"column":86}},"12":{"start":{"line":14,"column":2},"end":{"line":14,"column":80}},"13":{"start":{"line":14,"column":22},"end":{"line":14,"column":80}},"14":{"start":{"line":17,"column":2},"end":{"line":17,"column":39}},"15":{"start":{"line":18,"column":2},"end":{"line":18,"column":27}},"16":{"start":{"line":19,"column":2},"end":{"line":19,"column":27}},"17":{"start":{"line":21,"column":2},"end":{"line":21,"column":35}},"18":{"start":{"line":23,"column":2},"end":{"line":27,"column":62}},"19":{"start":{"line":24,"column":18},"end":{"line":24,"column":29}},"20":{"start":{"line":25,"column":18},"end":{"line":25,"column":38}},"21":{"start":{"line":26,"column":20},"end":{"line":26,"column":25}},"22":{"start":{"line":27,"column":18},"end":{"line":27,"column":60}},"23":{"start":{"line":30,"column":0},"end":{"line":39,"column":2}},"24":{"start":{"line":31,"column":2},"end":{"line":38,"column":65}},"25":{"start":{"line":33,"column":6},"end":{"line":33,"column":65}},"26":{"start":{"line":33,"column":16},"end":{"line":33,"column":65}},"27":{"start":{"line":34,"column":6},"end":{"line":34,"column":24}},"28":{"start":{"line":35,"column":6},"end":{"line":36,"column":26}},"29":{"start":{"line":36,"column":20},"end":{"line":36,"column":24}},"30":{"start":{"line":38,"column":18},"end":{"line":38,"column":63}},"31":{"start":{"line":41,"column":0},"end":{"line":46,"column":2}},"32":{"start":{"line":42,"column":2},"end":{"line":42,"column":69}},"33":{"start":{"line":42,"column":21},"end":{"line":42,"column":69}},"34":{"start":{"line":43,"column":2},"end":{"line":45,"column":63}},"35":{"start":{"line":44,"column":17},"end":{"line":44,"column":21}},"36":{"start":{"line":45,"column":16},"end":{"line":45,"column":61}},"37":{"start":{"line":48,"column":0},"end":{"line":52,"column":2}},"38":{"start":{"line":49,"column":2},"end":{"line":49,"column":77}},"39":{"start":{"line":49,"column":21},"end":{"line":49,"column":77}},"40":{"start":{"line":50,"column":2},"end":{"line":51,"column":60}},"41":{"start":{"line":51,"column":16},"end":{"line":51,"column":58}}},"branchMap":{"1":{"line":11,"type":"if","locations":[{"start":{"line":11,"column":2},"end":{"line":11,"column":2}},{"start":{"line":11,"column":2},"end":{"line":11,"column":2}}]},"2":{"line":12,"type":"if","locations":[{"start":{"line":12,"column":2},"end":{"line":12,"column":2}},{"start":{"line":12,"column":2},"end":{"line":12,"column":2}}]},"3":{"line":13,"type":"if","locations":[{"start":{"line":13,"column":2},"end":{"line":13,"column":2}},{"start":{"line":13,"column":2},"end":{"line":13,"column":2}}]},"4":{"line":14,"type":"if","locations":[{"start":{"line":14,"column":2},"end":{"line":14,"column":2}},{"start":{"line":14,"column":2},"end":{"line":14,"column":2}}]},"5":{"line":33,"type":"if","locations":[{"start":{"line":33,"column":6},"end":{"line":33,"column":6}},{"start":{"line":33,"column":6},"end":{"line":33,"column":6}}]},"6":{"line":42,"type":"if","locations":[{"start":{"line":42,"column":2},"end":{"line":42,"column":2}},{"start":{"line":42,"column":2},"end":{"line":42,"column":2}}]},"7":{"line":49,"type":"if","locations":[{"start":{"line":49,"column":2},"end":{"line":49,"column":2}},{"start":{"line":49,"column":2},"end":{"line":49,"column":2}}]}}}}