TN:
SF:/home/patrick/codefellows/401/final-project/PAWS-ibilites-backend/model/user.js
FN:21,(anonymous_1)
FN:32,(anonymous_2)
FN:43,(anonymous_3)
FN:49,_generateFindHash
FN:62,(anonymous_5)
FNF:5
FNH:5
FNDA:1,(anonymous_1)
FNDA:2,(anonymous_2)
FNDA:1,(anonymous_3)
FNDA:1,_generateFindHash
FNDA:1,(anonymous_5)
DA:3,1
DA:4,1
DA:5,1
DA:6,1
DA:7,1
DA:8,1
DA:9,1
DA:11,1
DA:13,1
DA:21,1
DA:22,1
DA:23,1
DA:24,1
DA:25,1
DA:26,1
DA:27,1
DA:32,1
DA:33,2
DA:34,2
DA:35,2
DA:36,2
DA:37,2
DA:38,1
DA:43,1
DA:44,1
DA:45,1
DA:46,1
DA:47,1
DA:49,1
DA:50,1
DA:51,1
DA:52,1
DA:54,0
DA:55,0
DA:56,0
DA:62,1
DA:63,1
DA:64,1
DA:65,1
DA:66,1
DA:67,0
DA:71,1
LF:42
LH:38
BRDA:25,1,0,0
BRDA:25,1,1,1
BRDA:36,2,0,0
BRDA:36,2,1,2
BRDA:37,3,0,1
BRDA:37,3,1,1
BRDA:54,4,0,0
BRDA:54,4,1,0
BRF:8
BRH:4
end_of_record
TN:
SF:/home/patrick/codefellows/401/final-project/PAWS-ibilites-backend/server.js
FNF:0
FNH:0
DA:3,1
DA:5,1
DA:6,1
DA:7,1
DA:8,1
DA:9,1
DA:10,1
DA:12,1
DA:13,1
DA:14,1
DA:18,1
DA:19,1
DA:21,1
DA:22,1
DA:24,1
DA:25,1
DA:26,1
DA:28,1
DA:32,1
DA:33,1
LF:20
LH:20
BRDA:18,1,0,1
BRDA:18,1,1,0
BRDA:19,2,0,1
BRDA:19,2,1,0
BRF:4
BRH:2
end_of_record
TN:
SF:/home/patrick/codefellows/401/final-project/PAWS-ibilites-backend/lib/error-middleware.js
FN:6,(anonymous_1)
FNF:1
FNH:0
FNDA:0,(anonymous_1)
DA:3,1
DA:4,1
DA:6,1
DA:7,0
DA:8,0
DA:10,0
DA:11,0
DA:12,0
DA:13,0
DA:16,0
DA:17,0
DA:18,0
DA:19,0
DA:20,0
DA:23,0
DA:25,0
DA:26,0
DA:27,0
DA:28,0
DA:31,0
DA:32,0
DA:33,0
LF:22
LH:3
BRDA:10,1,0,0
BRDA:10,1,1,0
BRDA:16,2,0,0
BRDA:16,2,1,0
BRDA:23,3,0,0
BRDA:23,3,1,0
BRDA:23,4,0,0
BRDA:23,4,1,0
BRF:8
BRH:0
end_of_record
TN:
SF:/home/patrick/codefellows/401/final-project/PAWS-ibilites-backend/route/auth-router.js
FN:8,(anonymous_1)
FNF:1
FNH:1
FNDA:1,(anonymous_1)
DA:3,1
DA:4,1
DA:5,1
DA:6,1
DA:8,1
DA:9,1
DA:10,5
DA:12,5
DA:13,1
DA:14,4
DA:17,1
DA:18,3
DA:20,3
DA:21,1
DA:22,2
DA:25,1
DA:26,0
DA:28,0
DA:30,0
DA:34,1
DA:35,0
DA:36,0
DA:37,0
DA:39,1
LF:24
LH:18
BRF:0
BRH:0
end_of_record
TN:
SF:/home/patrick/codefellows/401/final-project/PAWS-ibilites-backend/lib/basic-auth-middleware.js
FN:6,(anonymous_1)
FNF:1
FNH:1
FNDA:6,(anonymous_1)
DA:3,1
DA:4,1
DA:6,1
DA:7,6
DA:9,6
DA:10,6
DA:12,5
DA:13,5
DA:15,5
DA:16,5
DA:17,5
DA:22,5
DA:23,4
DA:24,3
LF:14
LH:14
BRDA:10,1,0,1
BRDA:10,1,1,5
BRDA:13,2,0,0
BRDA:13,2,1,5
BRDA:22,3,0,1
BRDA:22,3,1,4
BRDA:23,4,0,1
BRDA:23,4,1,3
BRF:8
BRH:7
end_of_record
TN:
SF:/home/patrick/codefellows/401/final-project/PAWS-ibilites-backend/lib/bearer-auth-middleware.js
FN:9,(anonymous_1)
FNF:1
FNH:0
FNDA:0,(anonymous_1)
DA:3,1
DA:4,1
DA:5,1
DA:7,1
DA:9,1
DA:10,0
DA:12,0
DA:13,0
DA:15,0
DA:16,0
DA:18,0
DA:19,0
DA:21,0
DA:23,0
DA:24,0
DA:26,0
LF:16
LH:5
BRDA:13,1,0,0
BRDA:13,1,1,0
BRDA:16,2,0,0
BRDA:16,2,1,0
BRDA:19,3,0,0
BRDA:19,3,1,0
BRF:6
BRH:0
end_of_record
TN:
SF:/home/patrick/codefellows/401/final-project/PAWS-ibilites-backend/controller/auth-controller.js
FN:9,(anonymous_1)
FN:30,(anonymous_2)
FN:41,(anonymous_3)
FN:48,(anonymous_4)
FNF:4
FNH:2
FNDA:5,(anonymous_1)
FNDA:3,(anonymous_2)
FNDA:0,(anonymous_3)
FNDA:0,(anonymous_4)
DA:3,1
DA:4,1
DA:5,1
DA:7,1
DA:9,1
DA:11,5
DA:12,4
DA:13,3
DA:14,2
DA:17,1
DA:18,1
DA:19,1
DA:21,1
DA:23,1
DA:24,1
DA:25,1
DA:26,1
DA:27,0
DA:30,1
DA:31,3
DA:33,3
DA:34,3
DA:35,3
DA:36,1
DA:38,2
DA:41,1
DA:42,0
DA:43,0
DA:44,0
DA:45,0
DA:48,1
DA:49,0
DA:50,0
DA:51,0
LF:34
LH:26
BRDA:11,1,0,1
BRDA:11,1,1,4
BRDA:12,2,0,1
BRDA:12,2,1,3
BRDA:13,3,0,1
BRDA:13,3,1,2
BRDA:14,4,0,1
BRDA:14,4,1,1
BRDA:33,5,0,1
BRDA:33,5,1,2
BRDA:42,6,0,0
BRDA:42,6,1,0
BRDA:49,7,0,0
BRDA:49,7,1,0
BRF:14
BRH:10
end_of_record
